<?xml version="1.0" encoding="UTF-8"?>
<!-- Generated by org.testng.reporters.JUnitReportReporter -->
<testsuite hostname="DESKTOP-GF523DC" failures="0" tests="1" name="SunflowerApp_Tests.AddPlant_Test" time="23.741" errors="0" timestamp="2022-09-05T00:04:48 CEST" skipped="0">
  <testcase classname="SunflowerApp_Tests.AddPlant_Test" name="AddPlantTestCase" time="23.741"/>
  <system-out/>
</testsuite> <!-- SunflowerApp_Tests.AddPlant_Test -->
