<?xml version="1.0" encoding="UTF-8"?>
<!-- Generated by org.testng.reporters.JUnitReportReporter -->
<testsuite hostname="DESKTOP-GF523DC" failures="0" tests="1" name="SunflowerApp_Tests.CopyToClipboard_Test" time="20.041" errors="0" timestamp="2022-09-05T00:05:52 CEST" skipped="0">
  <testcase classname="SunflowerApp_Tests.CopyToClipboard_Test" name="copyToClipCoard" time="20.041"/>
  <system-out/>
</testsuite> <!-- SunflowerApp_Tests.CopyToClipboard_Test -->
