<?xml version="1.0" encoding="UTF-8"?>
<!-- Generated by org.testng.reporters.JUnitReportReporter -->
<testsuite hostname="DESKTOP-GF523DC" failures="0" tests="1" name="SunflowerApp_Tests.CreateGmailAccount_Test" time="97.749" errors="0" timestamp="2022-09-05T00:09:25 CEST" skipped="0">
  <testcase classname="SunflowerApp_Tests.CreateGmailAccount_Test" name="CreateGmailAccountFunc" time="97.749"/>
  <system-out/>
</testsuite> <!-- SunflowerApp_Tests.CreateGmailAccount_Test -->
